<?xml version="1.0" encoding="UTF-8"?>
<!-- Generated by org.testng.reporters.JUnitReportReporter -->
<testsuite hostname="MTPMX230" failures="0" tests="1" name="RunCukesTest" time="35.164" errors="0" timestamp="26 ago. 2022 14:32:24 GMT" skipped="0">
  <testcase classname="RunCukesTest" name="runScenario" time="35.164"/>
</testsuite> <!-- RunCukesTest -->
